<?xml version="1.0" encoding="UTF-8"?>
<!-- Generated by org.testng.reporters.JUnitReportReporter -->
<testsuite hostname="DESKTOP-MT829Q7" failures="0" tests="4" name="dtctest.DemoTest" time="0.019" errors="0" timestamp="2023-02-14T14:36:42 IST" skipped="0">
  <testcase classname="dtctest.DemoTest" name="sum" time="0.001"/>
  <system-out/>
  <testcase classname="dtctest.DemoTest" name="div" time="0.017"/>
  <system-out/>
  <testcase classname="dtctest.DemoTest" name="sub" time="0.001"/>
  <system-out/>
  <testcase classname="dtctest.DemoTest" name="multi" time="0.000"/>
  <system-out/>
</testsuite> <!-- dtctest.DemoTest -->
